[2021-03-10 15:38:31.267] [jointLog] [info] setting maxHashResizeThreads to 8
[2021-03-10 15:38:31.267] [jointLog] [info] Fragment incompatibility prior below threshold.  Incompatible fragments will be ignored.
[2021-03-10 15:38:31.267] [jointLog] [info] Usage of --validateMappings implies use of minScoreFraction. Since not explicitly specified, it is being set to 0.65
[2021-03-10 15:38:31.267] [jointLog] [info] Setting consensusSlack to selective-alignment default of 0.35.
[2021-03-10 15:38:31.267] [jointLog] [info] parsing read library format
[2021-03-10 15:38:31.267] [jointLog] [info] There is 1 library.
[2021-03-10 15:38:31.297] [jointLog] [info] Loading pufferfish index
[2021-03-10 15:38:31.297] [jointLog] [info] Loading dense pufferfish index.
[2021-03-10 15:39:23.632] [jointLog] [info] done
[2021-03-10 15:39:23.632] [jointLog] [info] Index contained 177,651 targets
[2021-03-10 15:39:23.689] [jointLog] [info] Number of decoys : 195
[2021-03-10 15:39:23.689] [jointLog] [info] First decoy index : 177,412 
[2021-03-10 15:39:24.333] [jointLog] [info] Automatically detected most likely library type as ISR

[2021-03-10 15:40:37.432] [jointLog] [info] Thread saw mini-batch with a maximum of 1.08% zero probability fragments
[2021-03-10 15:40:37.446] [jointLog] [info] Thread saw mini-batch with a maximum of 1.08% zero probability fragments
[2021-03-10 15:40:37.455] [jointLog] [info] Thread saw mini-batch with a maximum of 1.10% zero probability fragments
[2021-03-10 15:40:37.470] [jointLog] [info] Thread saw mini-batch with a maximum of 1.14% zero probability fragments
[2021-03-10 15:40:37.502] [jointLog] [info] Thread saw mini-batch with a maximum of 1.10% zero probability fragments
[2021-03-10 15:40:37.540] [jointLog] [info] Thread saw mini-batch with a maximum of 1.06% zero probability fragments
[2021-03-10 15:40:37.636] [jointLog] [info] Thread saw mini-batch with a maximum of 1.14% zero probability fragments
[2021-03-10 15:40:37.687] [jointLog] [info] Thread saw mini-batch with a maximum of 1.08% zero probability fragments
[2021-03-10 15:40:37.980] [fileLog] [info] 
At end of round 0
==================
Observed 10820982 total fragments (10820982 in most recent round)

[2021-03-10 15:40:37.979] [jointLog] [info] Computed 435,425 rich equivalence classes for further processing
[2021-03-10 15:40:37.979] [jointLog] [info] Counted 7,349,859 total reads in the equivalence classes 
[2021-03-10 15:40:37.985] [jointLog] [info] Number of mappings discarded because of alignment score : 9,793,045
[2021-03-10 15:40:37.985] [jointLog] [info] Number of fragments entirely discarded because of alignment score : 1,046,457
[2021-03-10 15:40:37.985] [jointLog] [info] Number of fragments discarded because they are best-mapped to decoys : 608,842
[2021-03-10 15:40:37.985] [jointLog] [info] Number of fragments discarded because they have only dovetail (discordant) mappings to valid targets : 29,056
[2021-03-10 15:40:37.985] [jointLog] [info] Mapping rate = 67.9223%

[2021-03-10 15:40:37.985] [jointLog] [info] finished quantifyLibrary()
[2021-03-10 15:40:37.987] [jointLog] [info] Starting optimizer
[2021-03-10 15:40:38.187] [jointLog] [info] Marked 0 weighted equivalence classes as degenerate
[2021-03-10 15:40:38.218] [jointLog] [info] iteration = 0 | max rel diff. = 3509.59
[2021-03-10 15:40:41.370] [jointLog] [info] iteration = 100 | max rel diff. = 19.4142
[2021-03-10 15:40:44.523] [jointLog] [info] iteration = 200 | max rel diff. = 11.982
[2021-03-10 15:40:47.623] [jointLog] [info] iteration = 300 | max rel diff. = 1.56597
[2021-03-10 15:40:50.713] [jointLog] [info] iteration = 400 | max rel diff. = 7.03335
[2021-03-10 15:40:53.803] [jointLog] [info] iteration = 500 | max rel diff. = 0.369976
[2021-03-10 15:40:56.897] [jointLog] [info] iteration = 600 | max rel diff. = 0.9303
[2021-03-10 15:40:59.991] [jointLog] [info] iteration = 700 | max rel diff. = 0.429683
[2021-03-10 15:41:03.089] [jointLog] [info] iteration = 800 | max rel diff. = 0.0422614
[2021-03-10 15:41:06.181] [jointLog] [info] iteration = 900 | max rel diff. = 0.0968795
[2021-03-10 15:41:09.273] [jointLog] [info] iteration = 1,000 | max rel diff. = 0.0342934
[2021-03-10 15:41:12.367] [jointLog] [info] iteration = 1,100 | max rel diff. = 0.0587798
[2021-03-10 15:41:15.461] [jointLog] [info] iteration = 1,200 | max rel diff. = 0.0230552
[2021-03-10 15:41:18.553] [jointLog] [info] iteration = 1,300 | max rel diff. = 0.0276184
[2021-03-10 15:41:21.644] [jointLog] [info] iteration = 1,400 | max rel diff. = 0.0198456
[2021-03-10 15:41:24.738] [jointLog] [info] iteration = 1,500 | max rel diff. = 0.0546805
[2021-03-10 15:41:27.503] [jointLog] [info] iteration = 1,590 | max rel diff. = 0.00521518
[2021-03-10 15:41:27.543] [jointLog] [info] Finished optimizer
[2021-03-10 15:41:27.543] [jointLog] [info] writing output 

