[2021-03-10 15:38:31.026] [jointLog] [info] setting maxHashResizeThreads to 8
[2021-03-10 15:38:31.026] [jointLog] [info] Fragment incompatibility prior below threshold.  Incompatible fragments will be ignored.
[2021-03-10 15:38:31.026] [jointLog] [info] Usage of --validateMappings implies use of minScoreFraction. Since not explicitly specified, it is being set to 0.65
[2021-03-10 15:38:31.026] [jointLog] [info] Setting consensusSlack to selective-alignment default of 0.35.
[2021-03-10 15:38:31.026] [jointLog] [info] parsing read library format
[2021-03-10 15:38:31.026] [jointLog] [info] There is 1 library.
[2021-03-10 15:38:31.049] [jointLog] [info] Loading pufferfish index
[2021-03-10 15:38:31.049] [jointLog] [info] Loading dense pufferfish index.
[2021-03-10 15:39:20.256] [jointLog] [info] done
[2021-03-10 15:39:20.256] [jointLog] [info] Index contained 177,651 targets
[2021-03-10 15:39:20.308] [jointLog] [info] Number of decoys : 195
[2021-03-10 15:39:20.308] [jointLog] [info] First decoy index : 177,412 
[2021-03-10 15:39:20.772] [jointLog] [info] Automatically detected most likely library type as ISR

[2021-03-10 15:40:14.239] [fileLog] [info] 
At end of round 0
==================
Observed 8928685 total fragments (8928685 in most recent round)

[2021-03-10 15:40:13.875] [jointLog] [info] Thread saw mini-batch with a maximum of 1.10% zero probability fragments
[2021-03-10 15:40:13.906] [jointLog] [info] Thread saw mini-batch with a maximum of 1.02% zero probability fragments
[2021-03-10 15:40:13.924] [jointLog] [info] Thread saw mini-batch with a maximum of 0.98% zero probability fragments
[2021-03-10 15:40:13.936] [jointLog] [info] Thread saw mini-batch with a maximum of 1.12% zero probability fragments
[2021-03-10 15:40:14.023] [jointLog] [info] Thread saw mini-batch with a maximum of 0.98% zero probability fragments
[2021-03-10 15:40:14.034] [jointLog] [info] Thread saw mini-batch with a maximum of 1.04% zero probability fragments
[2021-03-10 15:40:14.035] [jointLog] [info] Thread saw mini-batch with a maximum of 1.14% zero probability fragments
[2021-03-10 15:40:14.050] [jointLog] [info] Thread saw mini-batch with a maximum of 1.08% zero probability fragments
[2021-03-10 15:40:14.238] [jointLog] [info] Computed 389,933 rich equivalence classes for further processing
[2021-03-10 15:40:14.238] [jointLog] [info] Counted 5,959,667 total reads in the equivalence classes 
[2021-03-10 15:40:14.242] [jointLog] [info] Number of mappings discarded because of alignment score : 10,228,500
[2021-03-10 15:40:14.242] [jointLog] [info] Number of fragments entirely discarded because of alignment score : 869,664
[2021-03-10 15:40:14.242] [jointLog] [info] Number of fragments discarded because they are best-mapped to decoys : 462,844
[2021-03-10 15:40:14.242] [jointLog] [info] Number of fragments discarded because they have only dovetail (discordant) mappings to valid targets : 42,758
[2021-03-10 15:40:14.242] [jointLog] [info] Mapping rate = 66.7474%

[2021-03-10 15:40:14.242] [jointLog] [info] finished quantifyLibrary()
[2021-03-10 15:40:14.246] [jointLog] [info] Starting optimizer
[2021-03-10 15:40:14.398] [jointLog] [info] Marked 0 weighted equivalence classes as degenerate
[2021-03-10 15:40:14.423] [jointLog] [info] iteration = 0 | max rel diff. = 2805.46
[2021-03-10 15:40:16.974] [jointLog] [info] iteration = 100 | max rel diff. = 13.2456
[2021-03-10 15:40:19.527] [jointLog] [info] iteration = 200 | max rel diff. = 2.67402
[2021-03-10 15:40:22.077] [jointLog] [info] iteration = 300 | max rel diff. = 6.18118
[2021-03-10 15:40:24.628] [jointLog] [info] iteration = 400 | max rel diff. = 0.846605
[2021-03-10 15:40:27.178] [jointLog] [info] iteration = 500 | max rel diff. = 20.8844
[2021-03-10 15:40:29.727] [jointLog] [info] iteration = 600 | max rel diff. = 0.859633
[2021-03-10 15:40:32.276] [jointLog] [info] iteration = 700 | max rel diff. = 0.520543
[2021-03-10 15:40:34.823] [jointLog] [info] iteration = 800 | max rel diff. = 0.100054
[2021-03-10 15:40:35.892] [jointLog] [info] iteration = 843 | max rel diff. = 0.00858614
[2021-03-10 15:40:35.928] [jointLog] [info] Finished optimizer
[2021-03-10 15:40:35.928] [jointLog] [info] writing output 

